JvmtiExport can_access_local_variables 0
JvmtiExport can_hotswap_or_post_breakpoint 0
JvmtiExport can_post_on_exceptions 0
# 266 ciObject found
instanceKlass java/awt/image/BufferedImageOp
instanceKlass ca/odell/glazedlists/impl/filter/StartsWithCaseInsensitiveTextSearchStrategy$SingleCharacterIndexOfStrategy
instanceKlass javax/swing/text/DefaultHighlighter$HighlightInfo
instanceKlass org/postgresql/core/Parser
instanceKlass javax/swing/JComboBox$AccessibleJComboBox$AccessibleJComboBoxPopupMenuListener
instanceKlass javax/swing/JList$ListSelectionHandler
instanceKlass javax/swing/JComboBox$AccessibleJComboBox$AccessibleJComboBoxListSelectionListener
instanceKlass javax/accessibility/AccessibleExtendedText
instanceKlass javax/accessibility/AccessibleEditableText
instanceKlass javax/accessibility/AccessibleText
instanceKlass javax/swing/JComboBox$AccessibleJComboBox$AccessibleJComboBoxPropertyChangeListener
instanceKlass javax/accessibility/AccessibleAction
instanceKlass javax/swing/plaf/basic/BasicPopupMenuUI$MouseGrabber$2
instanceKlass ca/odell/glazedlists/impl/filter/StartsWithCaseInsensitiveTextSearchStrategy$MultiCharacterIndexOfStrategy
instanceKlass ca/odell/glazedlists/impl/filter/StartsWithCaseInsensitiveTextSearchStrategy$IndexOfStrategy
instanceKlass ca/odell/glazedlists/impl/filter/AbstractTextSearchStrategy
instanceKlass ca/odell/glazedlists/impl/filter/StringTextFilterator
instanceKlass javax/swing/text/DocumentFilter$FilterBypass
instanceKlass javax/accessibility/AccessibleStateSet
instanceKlass javax/accessibility/AccessibleSelection
instanceKlass javax/accessibility/AccessibleBundle
instanceKlass javax/swing/Popup
instanceKlass javax/swing/PopupFactory
instanceKlass javax/swing/plaf/basic/BasicPopupMenuUI$MouseGrabber$1
instanceKlass ca/odell/glazedlists/impl/sort/ReverseComparator
instanceKlass ca/odell/glazedlists/impl/GlazedListsImpl
instanceKlass ca/odell/glazedlists/impl/matchers/NotMatcher
instanceKlass java/lang/reflect/TypeVariable
instanceKlass ca/odell/glazedlists/impl/java15/MoreTypes
instanceKlass ca/odell/glazedlists/impl/Preconditions
instanceKlass ca/odell/glazedlists/impl/java15/MoreTypes$ParameterizedTypeImpl
instanceKlass java/lang/reflect/ParameterizedType
instanceKlass ca/odell/glazedlists/impl/java15/TypeLiteral
instanceKlass ca/odell/glazedlists/matchers/SearchEngineTextMatcherEditor$Field
instanceKlass ca/odell/glazedlists/impl/java15/J2SE50ReturnTypeResolver
instanceKlass ca/odell/glazedlists/impl/reflect/ReturnTypeResolver
instanceKlass ca/odell/glazedlists/impl/reflect/DelegateReturnTypeResolverFactory
instanceKlass ca/odell/glazedlists/impl/reflect/ReturnTypeResolverFactory
instanceKlass ca/odell/glazedlists/impl/beans/BeanProperty
instanceKlass ca/odell/glazedlists/impl/matchers/BeanPropertyMatcher
instanceKlass ca/odell/glazedlists/impl/filter/TextMatchers$SearchTermLengthComparator
instanceKlass ca/odell/glazedlists/impl/filter/TextMatchers
instanceKlass ca/odell/glazedlists/impl/filter/SearchTerm
instanceKlass sun/util/locale/provider/TimeZoneNameUtility$TimeZoneNameGetter
instanceKlass sun/util/locale/provider/TimeZoneNameUtility
instanceKlass sun/java2d/loops/ProcessPath$Edge
instanceKlass sun/java2d/loops/ProcessPath$ActiveEdgeList
instanceKlass sun/java2d/loops/ProcessPath$Point
instanceKlass sun/java2d/loops/ProcessPath$FillData
instanceKlass sun/java2d/loops/ProcessPath$ProcessHandler
instanceKlass sun/java2d/loops/ProcessPath$1
instanceKlass sun/java2d/loops/ProcessPath$EndSubPathHandler
instanceKlass sun/java2d/loops/ProcessPath
instanceKlass java/awt/geom/RectIterator
instanceKlass View/ConsultasInternas$1
instanceKlass javax/swing/JTable$SortManager
instanceKlass javax/swing/DefaultRowSorter$ModelWrapper
instanceKlass javax/swing/table/TableRowSorter$ComparableComparator
instanceKlass javax/swing/RowSorter
instanceKlass org/postgresql/util/StreamWrapper
instanceKlass org/eclipse/persistence/internal/helper/BasicTypeHelperImpl
instanceKlass metodos/MoviementoCtr
instanceKlass sun/util/locale/provider/CalendarNameProviderImpl$LengthBasedComparator
instanceKlass sun/util/locale/provider/CalendarDataUtility$CalendarFieldValueNamesMapGetter
instanceKlass java/text/CalendarBuilder
instanceKlass controller/VendaJpaController
instanceKlass org/eclipse/persistence/internal/queries/JoinedAttributeManager
instanceKlass ca/odell/glazedlists/swing/AutoCompleteSupport$FormatComboBoxEditor
instanceKlass ca/odell/glazedlists/impl/swing/ComboBoxPopupLocationFix$Listener
instanceKlass ca/odell/glazedlists/impl/swing/ComboBoxPopupLocationFix
instanceKlass ca/odell/glazedlists/swing/AutoCompleteSupport$ArrowButtonMouseListener
instanceKlass javax/accessibility/AccessibleExtendedComponent
instanceKlass ca/odell/glazedlists/impl/SimpleIterator
instanceKlass ca/odell/glazedlists/impl/gui/ThreadProxyEventList$UpdateRunner
instanceKlass ca/odell/glazedlists/swing/GlazedListsSwing
instanceKlass ca/odell/glazedlists/CollectionList$EventChildElement
instanceKlass ca/odell/glazedlists/impl/adt/barcode2/SimpleNode
instanceKlass ca/odell/glazedlists/impl/event/BlockSequence$Iterator
instanceKlass ca/odell/glazedlists/impl/WeakReferenceProxy
instanceKlass ca/odell/glazedlists/impl/adt/barcode2/SimpleTree
instanceKlass ca/odell/glazedlists/CollectionList$SimpleChildElement
instanceKlass ca/odell/glazedlists/impl/ListCollectionListModel
instanceKlass ca/odell/glazedlists/CollectionList$ChildElement
instanceKlass ca/odell/glazedlists/impl/adt/BarcodeIterator
instanceKlass ca/odell/glazedlists/event/SequenceDependenciesEventPublisher$SubjectAndListener
instanceKlass ca/odell/glazedlists/impl/adt/BarcodeNode
instanceKlass ca/odell/glazedlists/FilterList$PrivateMatcherEditorListener
instanceKlass ca/odell/glazedlists/impl/adt/Barcode
instanceKlass ca/odell/glazedlists/matchers/MatcherEditor$Listener
instanceKlass ca/odell/glazedlists/impl/filter/TextMatcher
instanceKlass ca/odell/glazedlists/impl/filter/TextSearchStrategy
instanceKlass ca/odell/glazedlists/matchers/TextMatcherEditor$IdenticalStrategyFactory
instanceKlass ca/odell/glazedlists/impl/filter/TextSearchStrategy$Factory
instanceKlass ca/odell/glazedlists/matchers/AbstractMatcherEditor
instanceKlass ca/odell/glazedlists/swing/AutoCompleteSupport$UIWatcher
instanceKlass ca/odell/glazedlists/swing/AutoCompleteSupport$ModelWatcher
instanceKlass ca/odell/glazedlists/swing/AutoCompleteSupport$DocumentWatcher
instanceKlass ca/odell/glazedlists/swing/AutoCompleteSupport$PopupSizer
instanceKlass ca/odell/glazedlists/swing/AutoCompleteSupport$ListDataHandler$CheckStrictModeInvariantRunnable
instanceKlass ca/odell/glazedlists/swing/AutoCompleteSupport$ListDataHandler
instanceKlass ca/odell/glazedlists/impl/matchers/TrueMatcher
instanceKlass ca/odell/glazedlists/matchers/Matchers
instanceKlass ca/odell/glazedlists/swing/EventListModel
instanceKlass java/text/ParsePosition
instanceKlass ca/odell/glazedlists/swing/AutoCompleteSupport$DefaultTextFilterator
instanceKlass ca/odell/glazedlists/matchers/Matcher
instanceKlass ca/odell/glazedlists/swing/AutoCompleteSupport
instanceKlass ca/odell/glazedlists/impl/adt/barcode2/FourColorNode
instanceKlass java/util/IdentityHashMap$EntryIterator$Entry
instanceKlass ca/odell/glazedlists/event/ListEventAssembler$ListEventFormat
instanceKlass ca/odell/glazedlists/impl/sort/ComparableComparator
instanceKlass ca/odell/glazedlists/impl/adt/barcode2/Element
instanceKlass ca/odell/glazedlists/impl/adt/barcode2/FourColorTree
instanceKlass ca/odell/glazedlists/impl/adt/barcode2/ListToByteCoder
instanceKlass ca/odell/glazedlists/impl/event/Tree4Deltas
instanceKlass ca/odell/glazedlists/impl/adt/gnutrove/TIntArrayList
instanceKlass ca/odell/glazedlists/impl/event/BlockSequence
instanceKlass ca/odell/glazedlists/event/SequenceDependenciesEventPublisher
instanceKlass ca/odell/glazedlists/event/ListEventPublisher
instanceKlass ca/odell/glazedlists/event/SequenceDependenciesEventPublisher$EventFormat
instanceKlass ca/odell/glazedlists/event/ListEventAssembler
instanceKlass ca/odell/glazedlists/impl/java15/LockAdapter
instanceKlass ca/odell/glazedlists/impl/java15/J2SE50ReadWriteLock
instanceKlass ca/odell/glazedlists/util/concurrent/ReadWriteLock
instanceKlass ca/odell/glazedlists/util/concurrent/Lock
instanceKlass ca/odell/glazedlists/impl/java15/J2SE50LockFactory
instanceKlass ca/odell/glazedlists/util/concurrent/DelegateLockFactory
instanceKlass ca/odell/glazedlists/util/concurrent/LockFactory
instanceKlass ca/odell/glazedlists/gui/TableFormat
instanceKlass ca/odell/glazedlists/Filterator
instanceKlass ca/odell/glazedlists/AbstractEventList
instanceKlass ca/odell/glazedlists/EventList
instanceKlass ca/odell/glazedlists/FunctionList$Function
instanceKlass ca/odell/glazedlists/TextFilterator
instanceKlass ca/odell/glazedlists/ThresholdList$Evaluator
instanceKlass ca/odell/glazedlists/CollectionList$Model
instanceKlass ca/odell/glazedlists/ObservableElementList$Connector
instanceKlass ca/odell/glazedlists/matchers/MatcherEditor
instanceKlass ca/odell/glazedlists/event/ListEventListener
instanceKlass ca/odell/glazedlists/DisposableMap
instanceKlass ca/odell/glazedlists/GlazedLists
instanceKlass org/eclipse/persistence/internal/sessions/MergeManager
instanceKlass org/eclipse/persistence/internal/helper/WriteLockManager
instanceKlass org/postgresql/util/ByteConverter
instanceKlass org/postgresql/jdbc2/TimestampUtils$ParsedTimestamp
instanceKlass org/eclipse/persistence/internal/jpa/QueryHintsHandler$Hint
instanceKlass controller/ProdutoJpaController
instanceKlass java/util/ArrayList$1
instanceKlass javax/swing/JTable$5
instanceKlass javax/swing/JTable$2
instanceKlass javax/swing/JTable$Resizable3
instanceKlass javax/swing/JTable$Resizable2
instanceKlass javax/swing/plaf/basic/BasicGraphicsUtils
instanceKlass javax/swing/SwingHeavyWeight
instanceKlass View/ConsultasInternas$21
instanceKlass View/ConsultasInternas$18
instanceKlass View/ConsultasInternas$17
instanceKlass View/ConsultasInternas$15
instanceKlass View/ConsultasInternas$13
instanceKlass View/ConsultasInternas$12
instanceKlass View/ConsultasInternas$9
instanceKlass javax/accessibility/AccessibleRelationSet
instanceKlass javax/accessibility/AccessibleContext$1
instanceKlass sun/awt/AWTAccessor$AccessibleContextAccessor
instanceKlass javax/accessibility/AccessibleComponent
instanceKlass javax/swing/table/TableColumn
instanceKlass View/ConsultasInternas$7
instanceKlass View/ConsultasInternas$4
instanceKlass View/ConsultasInternas$3
instanceKlass javax/swing/plaf/basic/BasicTableUI$Handler
instanceKlass javax/swing/AbstractCellEditor
instanceKlass javax/swing/tree/TreeCellEditor
instanceKlass javax/swing/table/TableCellEditor
instanceKlass javax/swing/CellEditor
instanceKlass javax/swing/plaf/basic/BasicTableHeaderUI$MouseInputHandler
instanceKlass javax/swing/plaf/basic/BasicTableHeaderUI$1
instanceKlass sun/swing/table/DefaultTableCellHeaderRenderer$EmptyIcon
instanceKlass javax/swing/table/TableCellRenderer
instanceKlass javax/swing/JTable$$Lambda$27
instanceKlass javax/swing/JTable$$Lambda$26
instanceKlass javax/swing/JTable$$Lambda$25
instanceKlass javax/swing/JTable$$Lambda$24
instanceKlass javax/swing/JTable$$Lambda$23
instanceKlass javax/swing/JTable$$Lambda$22
instanceKlass javax/swing/JTable$$Lambda$21
instanceKlass javax/swing/JTable$$Lambda$20
instanceKlass javax/swing/JTable$$Lambda$19
instanceKlass javax/swing/JTable$$Lambda$18
instanceKlass javax/swing/JTable$$Lambda$17
instanceKlass javax/swing/table/DefaultTableColumnModel
instanceKlass javax/swing/table/TableColumnModel
instanceKlass com/toedter/calendar/JDateChooser$3
instanceKlass sun/awt/image/GifFrame
instanceKlass com/toedter/calendar/JCalendar$2
instanceKlass com/toedter/calendar/JCalendar$1
instanceKlass java/awt/GridLayout
instanceKlass com/toedter/calendar/MinMaxDateEvaluator
instanceKlass com/toedter/calendar/IDateEvaluator
instanceKlass javax/swing/plaf/basic/BasicComboBoxUI$DefaultKeySelectionManager
instanceKlass javax/swing/JComboBox$KeySelectionManager
instanceKlass javax/swing/plaf/basic/BasicComboBoxUI$Handler
instanceKlass javax/swing/plaf/synth/SynthComboBoxUI$EditorFocusHandler
instanceKlass javax/swing/plaf/basic/BasicComboBoxEditor
instanceKlass javax/swing/ComboBoxEditor
instanceKlass javax/swing/plaf/synth/SynthScrollPaneUI$ViewportViewFocusHandler
instanceKlass javax/swing/plaf/basic/BasicScrollPaneUI$Handler
instanceKlass java/awt/event/ComponentAdapter
instanceKlass javax/swing/plaf/basic/BasicScrollBarUI$ScrollListener
instanceKlass javax/swing/plaf/basic/BasicScrollBarUI$Handler
instanceKlass javax/swing/plaf/basic/BasicScrollBarUI$ModelListener
instanceKlass javax/swing/JScrollBar$ModelListener
instanceKlass javax/swing/ViewportLayout
instanceKlass javax/swing/ScrollPaneLayout
instanceKlass javax/swing/plaf/basic/BasicComboPopup$Handler
instanceKlass javax/swing/plaf/basic/BasicListUI$Handler
instanceKlass javax/swing/ListCellRenderer
instanceKlass javax/swing/DefaultListSelectionModel
instanceKlass javax/swing/ListSelectionModel
instanceKlass java/awt/event/FocusAdapter
instanceKlass javax/swing/plaf/basic/BasicPopupMenuUI$MenuKeyboardHelper
instanceKlass javax/swing/MenuSelectionManager
instanceKlass javax/swing/plaf/basic/BasicPopupMenuUI$MouseGrabber
instanceKlass javax/swing/plaf/basic/BasicPopupMenuUI$BasicMenuKeyListener
instanceKlass javax/swing/plaf/basic/BasicPopupMenuUI$BasicPopupMenuListener
instanceKlass javax/swing/plaf/basic/BasicLookAndFeel$1
instanceKlass javax/swing/plaf/basic/BasicLookAndFeel$AWTEventHelper
instanceKlass javax/swing/plaf/basic/BasicComboPopup$EmptyListModelClass
instanceKlass javax/swing/plaf/basic/ComboPopup
instanceKlass javax/swing/event/PopupMenuListener
instanceKlass javax/swing/JComboBox$1
instanceKlass javax/swing/AbstractListModel
instanceKlass javax/swing/MutableComboBoxModel
instanceKlass javax/swing/plaf/basic/BasicSpinnerUI$Handler
instanceKlass javax/swing/plaf/synth/SynthSpinnerUI$SpinnerLayout
instanceKlass javax/swing/plaf/synth/SynthSpinnerUI$EditorFocusHandler
instanceKlass javax/swing/text/GapContent$UndoPosRef
instanceKlass javax/swing/JSpinner$ModelListener
instanceKlass java/text/FieldPosition$Delegate
instanceKlass javax/swing/text/NavigationFilter$FilterBypass
instanceKlass javax/swing/text/NavigationFilter
instanceKlass javax/swing/text/DocumentFilter
instanceKlass javax/swing/JFormattedTextField$AbstractFormatterFactory
instanceKlass javax/swing/JFormattedTextField$AbstractFormatter
instanceKlass javax/swing/AbstractSpinnerModel
instanceKlass javax/swing/SpinnerModel
instanceKlass sun/util/calendar/Era
instanceKlass com/toedter/calendar/DateUtil
instanceKlass javax/swing/JFormattedTextField$DocumentHandler
instanceKlass javax/swing/event/CaretListener
instanceKlass com/toedter/calendar/IDateEditor
instanceKlass javax/swing/plaf/synth/SynthTabbedPaneUI$1
instanceKlass javax/swing/plaf/basic/BasicTabbedPaneUI$Handler
instanceKlass javax/swing/plaf/basic/BasicTabbedPaneUI$TabbedPaneLayout
instanceKlass javax/swing/JTabbedPane$ModelListener
instanceKlass javax/swing/table/AbstractTableModel
instanceKlass net/sf/jasperreports/engine/JRDataSource
instanceKlass javax/swing/ComboBoxModel
instanceKlass javax/swing/ListModel
instanceKlass javax/swing/table/TableModel
instanceKlass sun/swing/MenuItemLayoutHelper$LayoutResult
instanceKlass sun/swing/MenuItemLayoutHelper$RectSize
instanceKlass sun/swing/MenuItemLayoutHelper$ColumnAlignment
instanceKlass java/awt/LightweightDispatcher$2
instanceKlass javax/swing/Autoscroller
instanceKlass sun/awt/SunToolkit$1
instanceKlass java/awt/KeyboardFocusManager$2
instanceKlass java/awt/Window$1DisposeAction
instanceKlass javax/swing/LayoutStyle
instanceKlass sun/font/SunFontManager$11
instanceKlass sun/font/SunFontManager$10
instanceKlass java/io/RandomAccessFile$1
instanceKlass java/util/concurrent/ConcurrentHashMap$Traverser
instanceKlass javax/swing/GroupLayout$AutoPreferredGapMatch
instanceKlass javax/swing/SizeRequirements
instanceKlass sun/awt/image/JPEGImageDecoder$1
instanceKlass View/Principal$14
instanceKlass View/Principal$12
instanceKlass View/Principal$10
instanceKlass View/Principal$8
instanceKlass View/Principal$6
instanceKlass View/Principal$4
instanceKlass View/Principal$2
instanceKlass java/awt/event/KeyAdapter
instanceKlass java/awt/event/MouseMotionAdapter
instanceKlass javax/swing/ToolTipManager$stillInsideTimerAction
instanceKlass javax/swing/ToolTipManager$outsideTimerAction
instanceKlass javax/swing/ToolTipManager$insideTimerAction
instanceKlass javax/swing/plaf/basic/BasicMenuBarUI$Handler
instanceKlass javax/swing/BoxLayout
instanceKlass javax/swing/DefaultSingleSelectionModel
instanceKlass javax/swing/SingleSelectionModel
instanceKlass javax/swing/event/MenuKeyListener
instanceKlass sun/swing/MenuItemLayoutHelper
instanceKlass javax/swing/JMenu$MenuChangeListener
instanceKlass javax/swing/plaf/basic/BasicMenuItemUI$Handler
instanceKlass javax/swing/event/MenuDragMouseListener
instanceKlass javax/swing/JMenuItem$MenuItemFocusListener
instanceKlass java/awt/peer/FileDialogPeer
instanceKlass java/awt/Dialog$4
instanceKlass org/eclipse/persistence/internal/descriptors/PersistenceEntity
instanceKlass org/eclipse/persistence/internal/helper/linkedlist/LinkedNode
instanceKlass org/eclipse/persistence/internal/helper/linkedlist/ExposedNodeLinkedList
instanceKlass org/postgresql/jdbc2/AbstractJdbc2ResultSetMetaData
instanceKlass org/postgresql/PGResultSetMetaData
instanceKlass org/postgresql/jdbc2/ResultWrapper
instanceKlass java/sql/ResultSetMetaData
instanceKlass org/postgresql/jdbc2/AbstractJdbc2ResultSet
instanceKlass org/postgresql/PGRefCursorResultSet
instanceKlass org/postgresql/core/BaseResultSet
instanceKlass org/postgresql/core/Field
instanceKlass org/postgresql/jdbc2/AbstractJdbc2Statement$StatementResultHandler
instanceKlass java/sql/ParameterMetaData
instanceKlass org/postgresql/core/types/PGType
instanceKlass java/util/TimerTask
instanceKlass java/sql/ResultSet
instanceKlass org/postgresql/jdbc2/AbstractJdbc2Statement
instanceKlass org/postgresql/core/BaseStatement
instanceKlass org/postgresql/PGStatement
instanceKlass org/eclipse/persistence/internal/helper/QueryCounter
instanceKlass org/eclipse/persistence/internal/expressions/ExpressionSQLPrinter
instanceKlass org/eclipse/persistence/internal/expressions/TableAliasLookup
instanceKlass org/eclipse/persistence/internal/expressions/ExpressionNormalizer
instanceKlass org/eclipse/persistence/internal/helper/InvalidObject
instanceKlass org/eclipse/persistence/internal/helper/DeferredLockManager
instanceKlass org/eclipse/persistence/tools/profiler/QueryMonitor
instanceKlass org/eclipse/persistence/sessions/changesets/UnitOfWorkChangeSet
instanceKlass org/eclipse/persistence/internal/descriptors/DescriptorIterator$CascadeCondition
instanceKlass javax/persistence/criteria/Fetch
instanceKlass org/eclipse/persistence/internal/jpa/querydef/InternalExpression
instanceKlass org/eclipse/persistence/internal/jpa/querydef/SelectionImpl
instanceKlass javax/persistence/criteria/Subquery
instanceKlass org/eclipse/persistence/internal/jpa/querydef/CommonAbstractCriteriaImpl
instanceKlass javax/persistence/criteria/CriteriaUpdate
instanceKlass javax/persistence/criteria/CriteriaDelete
instanceKlass javax/persistence/criteria/CriteriaBuilder$SimpleCase
instanceKlass javax/persistence/criteria/CriteriaBuilder$Case
instanceKlass javax/persistence/criteria/CriteriaQuery
instanceKlass javax/persistence/criteria/AbstractQuery
instanceKlass javax/persistence/criteria/CommonAbstractCriteria
instanceKlass javax/persistence/criteria/Root
instanceKlass javax/persistence/criteria/ListJoin
instanceKlass javax/persistence/criteria/MapJoin
instanceKlass javax/persistence/criteria/SetJoin
instanceKlass javax/persistence/criteria/CollectionJoin
instanceKlass javax/persistence/criteria/PluralJoin
instanceKlass javax/persistence/criteria/Join
instanceKlass javax/persistence/criteria/From
instanceKlass javax/persistence/criteria/FetchParent
instanceKlass javax/persistence/criteria/Path
instanceKlass javax/persistence/criteria/CriteriaBuilder$Coalesce
instanceKlass javax/persistence/criteria/ParameterExpression
instanceKlass javax/persistence/criteria/Order
instanceKlass javax/persistence/criteria/CriteriaBuilder$In
instanceKlass javax/persistence/criteria/CompoundSelection
instanceKlass javax/persistence/criteria/Predicate
instanceKlass org/eclipse/persistence/internal/jpa/querydef/InternalSelection
